<?xml version="1.0" encoding="UTF-8"?>
<coverage generated="1555567571295" clover="3.2.0">
  <project timestamp="1555567571295" name="All files">
    <metrics statements="11" coveredstatements="6" conditionals="3" coveredconditionals="1" methods="5" coveredmethods="4" elements="19" coveredelements="11" complexity="0" loc="11" ncloc="11" packages="1" files="1" classes="1">
      <file name="trelloWidget.js" path="/Users/clintchester/Desktop/trello-widget/trello-widget/main/default/lwc/trelloWidget/trelloWidget.js">
        <metrics statements="11" coveredstatements="6" conditionals="3" coveredconditionals="1" methods="5" coveredmethods="4"/>
        <line num="3" count="1" type="stmt"/>
        <line num="5" count="9" type="stmt"/>
        <line num="10" count="3" type="stmt"/>
        <line num="12" count="3" type="stmt"/>
        <line num="14" count="3" type="stmt"/>
        <line num="15" count="0" type="stmt"/>
        <line num="17" count="0" type="stmt"/>
        <line num="18" count="0" type="stmt"/>
        <line num="21" count="0" type="stmt"/>
        <line num="27" count="3" type="stmt"/>
        <line num="31" count="0" type="stmt"/>
      </file>
    </metrics>
  </project>
</coverage>
