{"/Users/clintchester/Desktop/trello-widget/trello-widget/main/default/lwc/trelloWidget/trelloWidget.js": {"path":"/Users/clintchester/Desktop/trello-widget/trello-widget/main/default/lwc/trelloWidget/trelloWidget.js","statementMap":{"0":{"start":{"line":3,"column":0},"end":{"line":null,"column":-1}},"1":{"start":{"line":5,"column":59},"end":{"line":null,"column":-1}},"2":{"start":{"line":10,"column":8},"end":{"line":null,"column":-1}},"3":{"start":{"line":12,"column":20},"end":{"line":null,"column":-1}},"4":{"start":{"line":14,"column":28},"end":{"line":null,"column":-1}},"5":{"start":{"line":15,"column":28},"end":{"line":null,"column":-1}},"6":{"start":{"line":17,"column":28},"end":{"line":null,"column":-1}},"7":{"start":{"line":18,"column":28},"end":{"line":null,"column":-1}},"8":{"start":{"line":21,"column":28},"end":{"line":null,"column":-1}},"9":{"start":{"line":27,"column":8},"end":{"line":null,"column":-1}},"10":{"start":{"line":31,"column":8},"end":{"line":null,"column":-1}}},"fnMap":{"0":{"name":"(anonymous_1)","decl":{"start":{"line":5,"column":59},"end":{"line":5,"column":58}},"loc":{"start":{"line":5,"column":59},"end":{"line":null,"column":-1}}},"1":{"name":"(anonymous_2)","decl":{"start":{"line":9,"column":4},"end":{"line":9,"column":19}},"loc":{"start":{"line":9,"column":23},"end":{"line":24,"column":5}}},"2":{"name":"(anonymous_3)","decl":{"start":{"line":11,"column":22},"end":{"line":11,"column":27}},"loc":{"start":{"line":11,"column":28},"end":{"line":10,"column":8}}},"3":{"name":"(anonymous_4)","decl":{"start":{"line":26,"column":4},"end":{"line":26,"column":20}},"loc":{"start":{"line":26,"column":24},"end":{"line":28,"column":5}}},"4":{"name":"(anonymous_5)","decl":{"start":{"line":30,"column":4},"end":{"line":30,"column":19}},"loc":{"start":{"line":30,"column":37},"end":{"line":34,"column":5}}}},"branchMap":{"0":{"loc":{"start":{"line":13,"column":24},"end":{"line":15,"column":28}},"type":"switch","locations":[{"start":{"line":13,"column":24},"end":{"line":15,"column":28}},{"start":{"line":16,"column":24},"end":{"line":18,"column":28}},{"start":{"line":19,"column":24},"end":{"line":21,"column":28}}]}},"s":{"0":1,"1":9,"2":3,"3":3,"4":3,"5":0,"6":0,"7":0,"8":0,"9":3,"10":0},"f":{"0":3,"1":3,"2":3,"3":3,"4":0},"b":{"0":[3,0,0]}}
}
